This file contains any messages produced by compilers while
running configure, to aid debugging if configure makes a mistake.

It was created by vnstat configure 2.5_beta1, which was
generated by GNU Autoconf 2.69.  Invocation command line was

  $ ./configure --prefix=/usr --sysconfdir=/etc

## --------- ##
## Platform. ##
## --------- ##

hostname = ip-172-31-34-254.ap-northeast-2.compute.internal
uname -m = x86_64
uname -r = 3.10.0-862.3.2.el7.x86_64
uname -s = Linux
uname -v = #1 SMP Mon May 21 23:36:36 UTC 2018

/usr/bin/uname -p = x86_64
/bin/uname -X     = unknown

/bin/arch              = x86_64
/usr/bin/arch -k       = unknown
/usr/convex/getsysinfo = unknown
/usr/bin/hostinfo      = unknown
/bin/machine           = unknown
/usr/bin/oslevel       = unknown
/bin/universe          = unknown

PATH: /usr/local/sbin
PATH: /usr/local/bin
PATH: /usr/sbin
PATH: /usr/bin
PATH: /root/bin


## ----------- ##
## Core tests. ##
## ----------- ##

configure:2482: checking for a BSD-compatible install
configure:2550: result: /usr/bin/install -c
configure:2561: checking whether build environment is sane
configure:2616: result: yes
configure:2767: checking for a thread-safe mkdir -p
configure:2806: result: /usr/bin/mkdir -p
configure:2813: checking for gawk
configure:2829: found /usr/bin/gawk
configure:2840: result: gawk
configure:2851: checking whether make sets $(MAKE)
configure:2873: result: yes
configure:2902: checking whether make supports nested variables
configure:2919: result: yes
configure:3046: checking whether to enable maintainer-specific portions of Makefiles
configure:3055: result: no
configure:3122: checking for gcc
configure:3138: found /usr/bin/gcc
configure:3149: result: gcc
configure:3378: checking for C compiler version
configure:3387: gcc --version >&5
gcc (GCC) 4.8.5 20150623 (Red Hat 4.8.5-39)
Copyright (C) 2015 Free Software Foundation, Inc.
This is free software; see the source for copying conditions.  There is NO
warranty; not even for MERCHANTABILITY or FITNESS FOR A PARTICULAR PURPOSE.

configure:3398: $? = 0
configure:3387: gcc -v >&5
Using built-in specs.
COLLECT_GCC=gcc
COLLECT_LTO_WRAPPER=/usr/libexec/gcc/x86_64-redhat-linux/4.8.5/lto-wrapper
Target: x86_64-redhat-linux
Configured with: ../configure --prefix=/usr --mandir=/usr/share/man --infodir=/usr/share/info --with-bugurl=http://bugzilla.redhat.com/bugzilla --enable-bootstrap --enable-shared --enable-threads=posix --enable-checking=release --with-system-zlib --enable-__cxa_atexit --disable-libunwind-exceptions --enable-gnu-unique-object --enable-linker-build-id --with-linker-hash-style=gnu --enable-languages=c,c++,objc,obj-c++,java,fortran,ada,go,lto --enable-plugin --enable-initfini-array --disable-libgcj --with-isl=/builddir/build/BUILD/gcc-4.8.5-20150702/obj-x86_64-redhat-linux/isl-install --with-cloog=/builddir/build/BUILD/gcc-4.8.5-20150702/obj-x86_64-redhat-linux/cloog-install --enable-gnu-indirect-function --with-tune=generic --with-arch_32=x86-64 --build=x86_64-redhat-linux
Thread model: posix
gcc version 4.8.5 20150623 (Red Hat 4.8.5-39) (GCC) 
configure:3398: $? = 0
configure:3387: gcc -V >&5
gcc: error: unrecognized command line option '-V'
gcc: fatal error: no input files
compilation terminated.
configure:3398: $? = 4
configure:3387: gcc -qversion >&5
gcc: error: unrecognized command line option '-qversion'
gcc: fatal error: no input files
compilation terminated.
configure:3398: $? = 4
configure:3418: checking whether the C compiler works
configure:3440: gcc    conftest.c  >&5
configure:3444: $? = 0
configure:3492: result: yes
configure:3495: checking for C compiler default output file name
configure:3497: result: a.out
configure:3503: checking for suffix of executables
configure:3510: gcc -o conftest    conftest.c  >&5
configure:3514: $? = 0
configure:3536: result: 
configure:3558: checking whether we are cross compiling
configure:3566: gcc -o conftest    conftest.c  >&5
configure:3570: $? = 0
configure:3577: ./conftest
configure:3581: $? = 0
configure:3596: result: no
configure:3601: checking for suffix of object files
configure:3623: gcc -c   conftest.c >&5
configure:3627: $? = 0
configure:3648: result: o
configure:3652: checking whether we are using the GNU C compiler
configure:3671: gcc -c   conftest.c >&5
configure:3671: $? = 0
configure:3680: result: yes
configure:3689: checking whether gcc accepts -g
configure:3709: gcc -c -g  conftest.c >&5
configure:3709: $? = 0
configure:3750: result: yes
configure:3767: checking for gcc option to accept ISO C89
configure:3830: gcc  -c -g -O2  conftest.c >&5
configure:3830: $? = 0
configure:3843: result: none needed
configure:3868: checking whether gcc understands -c and -o together
configure:3890: gcc -c conftest.c -o conftest2.o
configure:3893: $? = 0
configure:3890: gcc -c conftest.c -o conftest2.o
configure:3893: $? = 0
configure:3905: result: yes
configure:3933: checking for style of include used by make
configure:3961: result: GNU
configure:3987: checking dependency style of gcc
configure:4098: result: gcc3
configure:4114: checking whether make sets $(MAKE)
configure:4136: result: yes
configure:4173: checking for pow in -lm
configure:4198: gcc -o conftest -g -O2 -I/usr/local/include   -L/usr/local/lib conftest.c -lm   >&5
conftest.c:18:6: warning: conflicting types for built-in function 'pow' [enabled by default]
 char pow ();
      ^
configure:4198: $? = 0
configure:4207: result: yes
configure:4220: checking for sqlite3_prepare_v2 in -lsqlite3
configure:4245: gcc -o conftest -g -O2 -I/usr/local/include   -L/usr/local/lib conftest.c -lsqlite3  -lm  >&5
configure:4245: $? = 0
configure:4254: result: yes
configure:4270: checking for gdImagePng in -lgd
configure:4295: gcc -o conftest -g -O2 -I/usr/local/include   -L/usr/local/lib conftest.c -lgd  -lsqlite3 -lm  >&5
/usr/bin/ld: cannot find -lgd
collect2: error: ld returned 1 exit status
configure:4295: $? = 1
configure: failed program was:
| /* confdefs.h */
| #define PACKAGE_NAME "vnstat"
| #define PACKAGE_TARNAME "vnstat"
| #define PACKAGE_VERSION "2.5_beta1"
| #define PACKAGE_STRING "vnstat 2.5_beta1"
| #define PACKAGE_BUGREPORT ""
| #define PACKAGE_URL ""
| #define PACKAGE "vnstat"
| #define VERSION "2.5_beta1"
| #define HAVE_LIBM 1
| #define HAVE_LIBSQLITE3 1
| /* end confdefs.h.  */
| 
| /* Override any GCC internal prototype to avoid an error.
|    Use char because int might match the return type of a GCC
|    builtin and then its argument prototype would still apply.  */
| #ifdef __cplusplus
| extern "C"
| #endif
| char gdImagePng ();
| int
| main ()
| {
| return gdImagePng ();
|   ;
|   return 0;
| }
configure:4304: result: no
configure:4375: checking for pkg-config
configure:4393: found /usr/bin/pkg-config
configure:4405: result: /usr/bin/pkg-config
configure:4430: checking pkg-config is at least version 0.9.0
configure:4433: result: yes
configure:4443: checking for CHECK
configure:4450: $PKG_CONFIG --exists --print-errors "check >= 0.9.6"
Package check was not found in the pkg-config search path.
Perhaps you should add the directory containing `check.pc'
to the PKG_CONFIG_PATH environment variable
No package 'check' found
configure:4453: $? = 1
configure:4467: $PKG_CONFIG --exists --print-errors "check >= 0.9.6"
Package check was not found in the pkg-config search path.
Perhaps you should add the directory containing `check.pc'
to the PKG_CONFIG_PATH environment variable
No package 'check' found
configure:4470: $? = 1
configure:4484: result: no
No package 'check' found
configure:4500: testcases can not be execute without check installed
configure:4529: checking how to run the C preprocessor
configure:4560: gcc -E  conftest.c
configure:4560: $? = 0
configure:4574: gcc -E  conftest.c
conftest.c:13:28: fatal error: ac_nonexistent.h: No such file or directory
 #include <ac_nonexistent.h>
                            ^
compilation terminated.
configure:4574: $? = 1
configure: failed program was:
| /* confdefs.h */
| #define PACKAGE_NAME "vnstat"
| #define PACKAGE_TARNAME "vnstat"
| #define PACKAGE_VERSION "2.5_beta1"
| #define PACKAGE_STRING "vnstat 2.5_beta1"
| #define PACKAGE_BUGREPORT ""
| #define PACKAGE_URL ""
| #define PACKAGE "vnstat"
| #define VERSION "2.5_beta1"
| #define HAVE_LIBM 1
| #define HAVE_LIBSQLITE3 1
| /* end confdefs.h.  */
| #include <ac_nonexistent.h>
configure:4599: result: gcc -E
configure:4619: gcc -E  conftest.c
configure:4619: $? = 0
configure:4633: gcc -E  conftest.c
conftest.c:13:28: fatal error: ac_nonexistent.h: No such file or directory
 #include <ac_nonexistent.h>
                            ^
compilation terminated.
configure:4633: $? = 1
configure: failed program was:
| /* confdefs.h */
| #define PACKAGE_NAME "vnstat"
| #define PACKAGE_TARNAME "vnstat"
| #define PACKAGE_VERSION "2.5_beta1"
| #define PACKAGE_STRING "vnstat 2.5_beta1"
| #define PACKAGE_BUGREPORT ""
| #define PACKAGE_URL ""
| #define PACKAGE "vnstat"
| #define VERSION "2.5_beta1"
| #define HAVE_LIBM 1
| #define HAVE_LIBSQLITE3 1
| /* end confdefs.h.  */
| #include <ac_nonexistent.h>
configure:4662: checking for grep that handles long lines and -e
configure:4720: result: /usr/bin/grep
configure:4725: checking for egrep
configure:4787: result: /usr/bin/grep -E
configure:4792: checking for ANSI C header files
configure:4812: gcc -c -g -O2 -I/usr/local/include  conftest.c >&5
configure:4812: $? = 0
configure:4885: gcc -o conftest -g -O2 -I/usr/local/include   -L/usr/local/lib conftest.c -lsqlite3 -lm  >&5
configure:4885: $? = 0
configure:4885: ./conftest
configure:4885: $? = 0
configure:4896: result: yes
configure:4909: checking for sys/types.h
configure:4909: gcc -c -g -O2 -I/usr/local/include  conftest.c >&5
configure:4909: $? = 0
configure:4909: result: yes
configure:4909: checking for sys/stat.h
configure:4909: gcc -c -g -O2 -I/usr/local/include  conftest.c >&5
configure:4909: $? = 0
configure:4909: result: yes
configure:4909: checking for stdlib.h
configure:4909: gcc -c -g -O2 -I/usr/local/include  conftest.c >&5
configure:4909: $? = 0
configure:4909: result: yes
configure:4909: checking for string.h
configure:4909: gcc -c -g -O2 -I/usr/local/include  conftest.c >&5
configure:4909: $? = 0
configure:4909: result: yes
configure:4909: checking for memory.h
configure:4909: gcc -c -g -O2 -I/usr/local/include  conftest.c >&5
configure:4909: $? = 0
configure:4909: result: yes
configure:4909: checking for strings.h
configure:4909: gcc -c -g -O2 -I/usr/local/include  conftest.c >&5
configure:4909: $? = 0
configure:4909: result: yes
configure:4909: checking for inttypes.h
configure:4909: gcc -c -g -O2 -I/usr/local/include  conftest.c >&5
configure:4909: $? = 0
configure:4909: result: yes
configure:4909: checking for stdint.h
configure:4909: gcc -c -g -O2 -I/usr/local/include  conftest.c >&5
configure:4909: $? = 0
configure:4909: result: yes
configure:4909: checking for unistd.h
configure:4909: gcc -c -g -O2 -I/usr/local/include  conftest.c >&5
configure:4909: $? = 0
configure:4909: result: yes
configure:4924: checking fcntl.h usability
configure:4924: gcc -c -g -O2 -I/usr/local/include  conftest.c >&5
configure:4924: $? = 0
configure:4924: result: yes
configure:4924: checking fcntl.h presence
configure:4924: gcc -E  conftest.c
configure:4924: $? = 0
configure:4924: result: yes
configure:4924: checking for fcntl.h
configure:4924: result: yes
configure:4924: checking for inttypes.h
configure:4924: result: yes
configure:4924: checking locale.h usability
configure:4924: gcc -c -g -O2 -I/usr/local/include  conftest.c >&5
configure:4924: $? = 0
configure:4924: result: yes
configure:4924: checking locale.h presence
configure:4924: gcc -E  conftest.c
configure:4924: $? = 0
configure:4924: result: yes
configure:4924: checking for locale.h
configure:4924: result: yes
configure:4924: checking for stdint.h
configure:4924: result: yes
configure:4924: checking for stdlib.h
configure:4924: result: yes
configure:4924: checking for string.h
configure:4924: result: yes
configure:4924: checking sys/file.h usability
configure:4924: gcc -c -g -O2 -I/usr/local/include  conftest.c >&5
configure:4924: $? = 0
configure:4924: result: yes
configure:4924: checking sys/file.h presence
configure:4924: gcc -E  conftest.c
configure:4924: $? = 0
configure:4924: result: yes
configure:4924: checking for sys/file.h
configure:4924: result: yes
configure:4924: checking sys/mount.h usability
configure:4924: gcc -c -g -O2 -I/usr/local/include  conftest.c >&5
configure:4924: $? = 0
configure:4924: result: yes
configure:4924: checking sys/mount.h presence
configure:4924: gcc -E  conftest.c
configure:4924: $? = 0
configure:4924: result: yes
configure:4924: checking for sys/mount.h
configure:4924: result: yes
configure:4924: checking sys/param.h usability
configure:4924: gcc -c -g -O2 -I/usr/local/include  conftest.c >&5
configure:4924: $? = 0
configure:4924: result: yes
configure:4924: checking sys/param.h presence
configure:4924: gcc -E  conftest.c
configure:4924: $? = 0
configure:4924: result: yes
configure:4924: checking for sys/param.h
configure:4924: result: yes
configure:4924: checking sys/socket.h usability
configure:4924: gcc -c -g -O2 -I/usr/local/include  conftest.c >&5
configure:4924: $? = 0
configure:4924: result: yes
configure:4924: checking sys/socket.h presence
configure:4924: gcc -E  conftest.c
configure:4924: $? = 0
configure:4924: result: yes
configure:4924: checking for sys/socket.h
configure:4924: result: yes
configure:4924: checking sys/statvfs.h usability
configure:4924: gcc -c -g -O2 -I/usr/local/include  conftest.c >&5
configure:4924: $? = 0
configure:4924: result: yes
configure:4924: checking sys/statvfs.h presence
configure:4924: gcc -E  conftest.c
configure:4924: $? = 0
configure:4924: result: yes
configure:4924: checking for sys/statvfs.h
configure:4924: result: yes
configure:4924: checking sys/time.h usability
configure:4924: gcc -c -g -O2 -I/usr/local/include  conftest.c >&5
configure:4924: $? = 0
configure:4924: result: yes
configure:4924: checking sys/time.h presence
configure:4924: gcc -E  conftest.c
configure:4924: $? = 0
configure:4924: result: yes
configure:4924: checking for sys/time.h
configure:4924: result: yes
configure:4924: checking syslog.h usability
configure:4924: gcc -c -g -O2 -I/usr/local/include  conftest.c >&5
configure:4924: $? = 0
configure:4924: result: yes
configure:4924: checking syslog.h presence
configure:4924: gcc -E  conftest.c
configure:4924: $? = 0
configure:4924: result: yes
configure:4924: checking for syslog.h
configure:4924: result: yes
configure:4924: checking for unistd.h
configure:4924: result: yes
configure:4924: checking wchar.h usability
configure:4924: gcc -c -g -O2 -I/usr/local/include  conftest.c >&5
configure:4924: $? = 0
configure:4924: result: yes
configure:4924: checking wchar.h presence
configure:4924: gcc -E  conftest.c
configure:4924: $? = 0
configure:4924: result: yes
configure:4924: checking for wchar.h
configure:4924: result: yes
configure:4940: checking build system type
configure:4954: result: x86_64-unknown-linux-gnu
configure:4974: checking host system type
configure:4987: result: x86_64-unknown-linux-gnu
configure:5017: checking whether IFLA_STATS64 is declared
configure:5017: gcc -c -g -O2 -I/usr/local/include  conftest.c >&5
In file included from /usr/include/linux/rtnetlink.h:4:0,
                 from conftest.c:38:
/usr/include/linux/netlink.h:18:2: error: unknown type name 'sa_family_t'
  sa_family_t nl_family; /* AF_NETLINK */
  ^
/usr/include/linux/netlink.h:20:2: error: unknown type name '__u32'
  __u32  nl_pid;  /* process pid */
  ^
/usr/include/linux/netlink.h:21:9: error: unknown type name '__u32'
         __u32  nl_groups; /* multicast groups mask */
         ^
/usr/include/linux/netlink.h:26:2: error: unknown type name '__u32'
  __u32  nlmsg_len; /* Length of message including header */
  ^
/usr/include/linux/netlink.h:27:2: error: unknown type name '__u16'
  __u16  nlmsg_type; /* Message content */
  ^
/usr/include/linux/netlink.h:28:2: error: unknown type name '__u16'
  __u16  nlmsg_flags; /* Additional flags */
  ^
/usr/include/linux/netlink.h:29:2: error: unknown type name '__u32'
  __u32  nlmsg_seq; /* Sequence number */
  ^
/usr/include/linux/netlink.h:30:2: error: unknown type name '__u32'
  __u32  nlmsg_pid; /* Sending process PID */
  ^
In file included from conftest.c:38:0:
/usr/include/linux/rtnetlink.h:247:2: error: unknown type name '__u32'
  __u32 rta_clntref;
  ^
/usr/include/linux/rtnetlink.h:248:2: error: unknown type name '__u32'
  __u32 rta_lastuse;
  ^
/usr/include/linux/rtnetlink.h:249:2: error: unknown type name '__s32'
  __s32 rta_expires;
  ^
/usr/include/linux/rtnetlink.h:250:2: error: unknown type name '__u32'
  __u32 rta_error;
  ^
/usr/include/linux/rtnetlink.h:251:2: error: unknown type name '__u32'
  __u32 rta_used;
  ^
/usr/include/linux/rtnetlink.h:254:2: error: unknown type name '__u32'
  __u32 rta_id;
  ^
/usr/include/linux/rtnetlink.h:255:2: error: unknown type name '__u32'
  __u32 rta_ts;
  ^
/usr/include/linux/rtnetlink.h:256:2: error: unknown type name '__u32'
  __u32 rta_tsage;
  ^
/usr/include/linux/rtnetlink.h:325:2: error: unknown type name '__s32'
  __s32 ifa_prefered;
  ^
/usr/include/linux/rtnetlink.h:326:2: error: unknown type name '__s32'
  __s32 ifa_valid;
  ^
/usr/include/linux/rtnetlink.h:351:2: error: unknown type name '__u16'
  __u16  ndm_state;
  ^
/usr/include/linux/rtnetlink.h:352:2: error: unknown type name '__u8'
  __u8  ndm_flags;
  ^
/usr/include/linux/rtnetlink.h:353:2: error: unknown type name '__u8'
  __u8  ndm_type;
  ^
/usr/include/linux/rtnetlink.h:395:2: error: unknown type name '__u32'
  __u32  ndm_confirmed;
  ^
/usr/include/linux/rtnetlink.h:396:2: error: unknown type name '__u32'
  __u32  ndm_used;
  ^
/usr/include/linux/rtnetlink.h:397:2: error: unknown type name '__u32'
  __u32  ndm_updated;
  ^
/usr/include/linux/rtnetlink.h:398:2: error: unknown type name '__u32'
  __u32  ndm_refcnt;
  ^
/usr/include/linux/rtnetlink.h:492:2: error: unknown type name '__u32'
  __u32  tcm_handle;
  ^
/usr/include/linux/rtnetlink.h:493:2: error: unknown type name '__u32'
  __u32  tcm_parent;
  ^
/usr/include/linux/rtnetlink.h:494:2: error: unknown type name '__u32'
  __u32  tcm_info;
  ^
conftest.c: In function 'main':
conftest.c:47:10: error: 'IFLA_STATS64' undeclared (first use in this function)
   (void) IFLA_STATS64;
          ^
conftest.c:47:10: note: each undeclared identifier is reported only once for each function it appears in
configure:5017: $? = 1
configure: failed program was:
| /* confdefs.h */
| #define PACKAGE_NAME "vnstat"
| #define PACKAGE_TARNAME "vnstat"
| #define PACKAGE_VERSION "2.5_beta1"
| #define PACKAGE_STRING "vnstat 2.5_beta1"
| #define PACKAGE_BUGREPORT ""
| #define PACKAGE_URL ""
| #define PACKAGE "vnstat"
| #define VERSION "2.5_beta1"
| #define HAVE_LIBM 1
| #define HAVE_LIBSQLITE3 1
| #define STDC_HEADERS 1
| #define HAVE_SYS_TYPES_H 1
| #define HAVE_SYS_STAT_H 1
| #define HAVE_STDLIB_H 1
| #define HAVE_STRING_H 1
| #define HAVE_MEMORY_H 1
| #define HAVE_STRINGS_H 1
| #define HAVE_INTTYPES_H 1
| #define HAVE_STDINT_H 1
| #define HAVE_UNISTD_H 1
| #define HAVE_FCNTL_H 1
| #define HAVE_INTTYPES_H 1
| #define HAVE_LOCALE_H 1
| #define HAVE_STDINT_H 1
| #define HAVE_STDLIB_H 1
| #define HAVE_STRING_H 1
| #define HAVE_SYS_FILE_H 1
| #define HAVE_SYS_MOUNT_H 1
| #define HAVE_SYS_PARAM_H 1
| #define HAVE_SYS_SOCKET_H 1
| #define HAVE_SYS_STATVFS_H 1
| #define HAVE_SYS_TIME_H 1
| #define HAVE_SYSLOG_H 1
| #define HAVE_UNISTD_H 1
| #define HAVE_WCHAR_H 1
| /* end confdefs.h.  */
| #include <linux/rtnetlink.h>
| 
| int
| main ()
| {
| #ifndef IFLA_STATS64
| #ifdef __cplusplus
|   (void) IFLA_STATS64;
| #else
|   (void) IFLA_STATS64;
| #endif
| #endif
| 
|   ;
|   return 0;
| }
configure:5017: result: no
configure:5031: checking whether O_CLOEXEC is declared
configure:5031: gcc -c -g -O2 -I/usr/local/include  conftest.c >&5
configure:5031: $? = 0
configure:5031: result: yes
configure:5045: checking whether SQLITE_CHECKPOINT_RESTART is declared
configure:5045: gcc -c -g -O2 -I/usr/local/include  conftest.c >&5
configure:5045: $? = 0
configure:5045: result: yes
configure:5056: checking whether SQLITE_CHECKPOINT_TRUNCATE is declared
configure:5056: gcc -c -g -O2 -I/usr/local/include  conftest.c >&5
configure:5056: $? = 0
configure:5056: result: yes
configure:5070: checking for uid_t in sys/types.h
configure:5089: result: yes
configure:5100: checking for int32_t
configure:5100: gcc -c -g -O2 -I/usr/local/include  conftest.c >&5
configure:5100: $? = 0
configure:5100: gcc -c -g -O2 -I/usr/local/include  conftest.c >&5
conftest.c: In function 'main':
conftest.c:80:53: warning: integer overflow in expression [-Woverflow]
    < (int32_t) (((((int32_t) 1 << N) << N) - 1) * 2 + 2))];
                                                     ^
conftest.c:79:12: error: storage size of 'test_array' isn't constant
 static int test_array [1 - 2 * !((int32_t) (((((int32_t) 1 << N) << N) - 1) * 2 + 1)
            ^
configure:5100: $? = 1
configure: failed program was:
| /* confdefs.h */
| #define PACKAGE_NAME "vnstat"
| #define PACKAGE_TARNAME "vnstat"
| #define PACKAGE_VERSION "2.5_beta1"
| #define PACKAGE_STRING "vnstat 2.5_beta1"
| #define PACKAGE_BUGREPORT ""
| #define PACKAGE_URL ""
| #define PACKAGE "vnstat"
| #define VERSION "2.5_beta1"
| #define HAVE_LIBM 1
| #define HAVE_LIBSQLITE3 1
| #define STDC_HEADERS 1
| #define HAVE_SYS_TYPES_H 1
| #define HAVE_SYS_STAT_H 1
| #define HAVE_STDLIB_H 1
| #define HAVE_STRING_H 1
| #define HAVE_MEMORY_H 1
| #define HAVE_STRINGS_H 1
| #define HAVE_INTTYPES_H 1
| #define HAVE_STDINT_H 1
| #define HAVE_UNISTD_H 1
| #define HAVE_FCNTL_H 1
| #define HAVE_INTTYPES_H 1
| #define HAVE_LOCALE_H 1
| #define HAVE_STDINT_H 1
| #define HAVE_STDLIB_H 1
| #define HAVE_STRING_H 1
| #define HAVE_SYS_FILE_H 1
| #define HAVE_SYS_MOUNT_H 1
| #define HAVE_SYS_PARAM_H 1
| #define HAVE_SYS_SOCKET_H 1
| #define HAVE_SYS_STATVFS_H 1
| #define HAVE_SYS_TIME_H 1
| #define HAVE_SYSLOG_H 1
| #define HAVE_UNISTD_H 1
| #define HAVE_WCHAR_H 1
| #define HAVE_DECL_IFLA_STATS64 0
| #define HAVE_DECL_O_CLOEXEC 1
| #define HAVE_DECL_SQLITE_CHECKPOINT_RESTART 1
| #define HAVE_DECL_SQLITE_CHECKPOINT_TRUNCATE 1
| /* end confdefs.h.  */
| #include <stdio.h>
| #ifdef HAVE_SYS_TYPES_H
| # include <sys/types.h>
| #endif
| #ifdef HAVE_SYS_STAT_H
| # include <sys/stat.h>
| #endif
| #ifdef STDC_HEADERS
| # include <stdlib.h>
| # include <stddef.h>
| #else
| # ifdef HAVE_STDLIB_H
| #  include <stdlib.h>
| # endif
| #endif
| #ifdef HAVE_STRING_H
| # if !defined STDC_HEADERS && defined HAVE_MEMORY_H
| #  include <memory.h>
| # endif
| # include <string.h>
| #endif
| #ifdef HAVE_STRINGS_H
| # include <strings.h>
| #endif
| #ifdef HAVE_INTTYPES_H
| # include <inttypes.h>
| #endif
| #ifdef HAVE_STDINT_H
| # include <stdint.h>
| #endif
| #ifdef HAVE_UNISTD_H
| # include <unistd.h>
| #endif
| 	        enum { N = 32 / 2 - 1 };
| int
| main ()
| {
| static int test_array [1 - 2 * !((int32_t) (((((int32_t) 1 << N) << N) - 1) * 2 + 1)
| 		 < (int32_t) (((((int32_t) 1 << N) << N) - 1) * 2 + 2))];
| test_array [0] = 0;
| return test_array [0];
| 
|   ;
|   return 0;
| }
configure:5100: result: yes
configure:5111: checking for mode_t
configure:5111: gcc -c -g -O2 -I/usr/local/include  conftest.c >&5
configure:5111: $? = 0
configure:5111: gcc -c -g -O2 -I/usr/local/include  conftest.c >&5
conftest.c: In function 'main':
conftest.c:78:21: error: expected expression before ')' token
 if (sizeof ((mode_t)))
                     ^
configure:5111: $? = 1
configure: failed program was:
| /* confdefs.h */
| #define PACKAGE_NAME "vnstat"
| #define PACKAGE_TARNAME "vnstat"
| #define PACKAGE_VERSION "2.5_beta1"
| #define PACKAGE_STRING "vnstat 2.5_beta1"
| #define PACKAGE_BUGREPORT ""
| #define PACKAGE_URL ""
| #define PACKAGE "vnstat"
| #define VERSION "2.5_beta1"
| #define HAVE_LIBM 1
| #define HAVE_LIBSQLITE3 1
| #define STDC_HEADERS 1
| #define HAVE_SYS_TYPES_H 1
| #define HAVE_SYS_STAT_H 1
| #define HAVE_STDLIB_H 1
| #define HAVE_STRING_H 1
| #define HAVE_MEMORY_H 1
| #define HAVE_STRINGS_H 1
| #define HAVE_INTTYPES_H 1
| #define HAVE_STDINT_H 1
| #define HAVE_UNISTD_H 1
| #define HAVE_FCNTL_H 1
| #define HAVE_INTTYPES_H 1
| #define HAVE_LOCALE_H 1
| #define HAVE_STDINT_H 1
| #define HAVE_STDLIB_H 1
| #define HAVE_STRING_H 1
| #define HAVE_SYS_FILE_H 1
| #define HAVE_SYS_MOUNT_H 1
| #define HAVE_SYS_PARAM_H 1
| #define HAVE_SYS_SOCKET_H 1
| #define HAVE_SYS_STATVFS_H 1
| #define HAVE_SYS_TIME_H 1
| #define HAVE_SYSLOG_H 1
| #define HAVE_UNISTD_H 1
| #define HAVE_WCHAR_H 1
| #define HAVE_DECL_IFLA_STATS64 0
| #define HAVE_DECL_O_CLOEXEC 1
| #define HAVE_DECL_SQLITE_CHECKPOINT_RESTART 1
| #define HAVE_DECL_SQLITE_CHECKPOINT_TRUNCATE 1
| /* end confdefs.h.  */
| #include <stdio.h>
| #ifdef HAVE_SYS_TYPES_H
| # include <sys/types.h>
| #endif
| #ifdef HAVE_SYS_STAT_H
| # include <sys/stat.h>
| #endif
| #ifdef STDC_HEADERS
| # include <stdlib.h>
| # include <stddef.h>
| #else
| # ifdef HAVE_STDLIB_H
| #  include <stdlib.h>
| # endif
| #endif
| #ifdef HAVE_STRING_H
| # if !defined STDC_HEADERS && defined HAVE_MEMORY_H
| #  include <memory.h>
| # endif
| # include <string.h>
| #endif
| #ifdef HAVE_STRINGS_H
| # include <strings.h>
| #endif
| #ifdef HAVE_INTTYPES_H
| # include <inttypes.h>
| #endif
| #ifdef HAVE_STDINT_H
| # include <stdint.h>
| #endif
| #ifdef HAVE_UNISTD_H
| # include <unistd.h>
| #endif
| int
| main ()
| {
| if (sizeof ((mode_t)))
| 	    return 0;
|   ;
|   return 0;
| }
configure:5111: result: yes
configure:5122: checking for size_t
configure:5122: gcc -c -g -O2 -I/usr/local/include  conftest.c >&5
configure:5122: $? = 0
configure:5122: gcc -c -g -O2 -I/usr/local/include  conftest.c >&5
conftest.c: In function 'main':
conftest.c:78:21: error: expected expression before ')' token
 if (sizeof ((size_t)))
                     ^
configure:5122: $? = 1
configure: failed program was:
| /* confdefs.h */
| #define PACKAGE_NAME "vnstat"
| #define PACKAGE_TARNAME "vnstat"
| #define PACKAGE_VERSION "2.5_beta1"
| #define PACKAGE_STRING "vnstat 2.5_beta1"
| #define PACKAGE_BUGREPORT ""
| #define PACKAGE_URL ""
| #define PACKAGE "vnstat"
| #define VERSION "2.5_beta1"
| #define HAVE_LIBM 1
| #define HAVE_LIBSQLITE3 1
| #define STDC_HEADERS 1
| #define HAVE_SYS_TYPES_H 1
| #define HAVE_SYS_STAT_H 1
| #define HAVE_STDLIB_H 1
| #define HAVE_STRING_H 1
| #define HAVE_MEMORY_H 1
| #define HAVE_STRINGS_H 1
| #define HAVE_INTTYPES_H 1
| #define HAVE_STDINT_H 1
| #define HAVE_UNISTD_H 1
| #define HAVE_FCNTL_H 1
| #define HAVE_INTTYPES_H 1
| #define HAVE_LOCALE_H 1
| #define HAVE_STDINT_H 1
| #define HAVE_STDLIB_H 1
| #define HAVE_STRING_H 1
| #define HAVE_SYS_FILE_H 1
| #define HAVE_SYS_MOUNT_H 1
| #define HAVE_SYS_PARAM_H 1
| #define HAVE_SYS_SOCKET_H 1
| #define HAVE_SYS_STATVFS_H 1
| #define HAVE_SYS_TIME_H 1
| #define HAVE_SYSLOG_H 1
| #define HAVE_UNISTD_H 1
| #define HAVE_WCHAR_H 1
| #define HAVE_DECL_IFLA_STATS64 0
| #define HAVE_DECL_O_CLOEXEC 1
| #define HAVE_DECL_SQLITE_CHECKPOINT_RESTART 1
| #define HAVE_DECL_SQLITE_CHECKPOINT_TRUNCATE 1
| /* end confdefs.h.  */
| #include <stdio.h>
| #ifdef HAVE_SYS_TYPES_H
| # include <sys/types.h>
| #endif
| #ifdef HAVE_SYS_STAT_H
| # include <sys/stat.h>
| #endif
| #ifdef STDC_HEADERS
| # include <stdlib.h>
| # include <stddef.h>
| #else
| # ifdef HAVE_STDLIB_H
| #  include <stdlib.h>
| # endif
| #endif
| #ifdef HAVE_STRING_H
| # if !defined STDC_HEADERS && defined HAVE_MEMORY_H
| #  include <memory.h>
| # endif
| # include <string.h>
| #endif
| #ifdef HAVE_STRINGS_H
| # include <strings.h>
| #endif
| #ifdef HAVE_INTTYPES_H
| # include <inttypes.h>
| #endif
| #ifdef HAVE_STDINT_H
| # include <stdint.h>
| #endif
| #ifdef HAVE_UNISTD_H
| # include <unistd.h>
| #endif
| int
| main ()
| {
| if (sizeof ((size_t)))
| 	    return 0;
|   ;
|   return 0;
| }
configure:5122: result: yes
configure:5133: checking for uint32_t
configure:5133: gcc -c -g -O2 -I/usr/local/include  conftest.c >&5
configure:5133: $? = 0
configure:5133: result: yes
configure:5147: checking for uint64_t
configure:5147: gcc -c -g -O2 -I/usr/local/include  conftest.c >&5
configure:5147: $? = 0
configure:5147: result: yes
configure:5165: checking for unistd.h
configure:5165: result: yes
configure:5175: checking for working chown
configure:5208: gcc -o conftest -g -O2 -I/usr/local/include   -L/usr/local/lib conftest.c -lsqlite3 -lm  >&5
configure:5208: $? = 0
configure:5208: ./conftest
configure:5208: $? = 0
configure:5220: result: yes
configure:5228: checking for pid_t
configure:5228: gcc -c -g -O2 -I/usr/local/include  conftest.c >&5
configure:5228: $? = 0
configure:5228: gcc -c -g -O2 -I/usr/local/include  conftest.c >&5
conftest.c: In function 'main':
conftest.c:80:20: error: expected expression before ')' token
 if (sizeof ((pid_t)))
                    ^
configure:5228: $? = 1
configure: failed program was:
| /* confdefs.h */
| #define PACKAGE_NAME "vnstat"
| #define PACKAGE_TARNAME "vnstat"
| #define PACKAGE_VERSION "2.5_beta1"
| #define PACKAGE_STRING "vnstat 2.5_beta1"
| #define PACKAGE_BUGREPORT ""
| #define PACKAGE_URL ""
| #define PACKAGE "vnstat"
| #define VERSION "2.5_beta1"
| #define HAVE_LIBM 1
| #define HAVE_LIBSQLITE3 1
| #define STDC_HEADERS 1
| #define HAVE_SYS_TYPES_H 1
| #define HAVE_SYS_STAT_H 1
| #define HAVE_STDLIB_H 1
| #define HAVE_STRING_H 1
| #define HAVE_MEMORY_H 1
| #define HAVE_STRINGS_H 1
| #define HAVE_INTTYPES_H 1
| #define HAVE_STDINT_H 1
| #define HAVE_UNISTD_H 1
| #define HAVE_FCNTL_H 1
| #define HAVE_INTTYPES_H 1
| #define HAVE_LOCALE_H 1
| #define HAVE_STDINT_H 1
| #define HAVE_STDLIB_H 1
| #define HAVE_STRING_H 1
| #define HAVE_SYS_FILE_H 1
| #define HAVE_SYS_MOUNT_H 1
| #define HAVE_SYS_PARAM_H 1
| #define HAVE_SYS_SOCKET_H 1
| #define HAVE_SYS_STATVFS_H 1
| #define HAVE_SYS_TIME_H 1
| #define HAVE_SYSLOG_H 1
| #define HAVE_UNISTD_H 1
| #define HAVE_WCHAR_H 1
| #define HAVE_DECL_IFLA_STATS64 0
| #define HAVE_DECL_O_CLOEXEC 1
| #define HAVE_DECL_SQLITE_CHECKPOINT_RESTART 1
| #define HAVE_DECL_SQLITE_CHECKPOINT_TRUNCATE 1
| #define HAVE_UNISTD_H 1
| #define HAVE_CHOWN 1
| /* end confdefs.h.  */
| #include <stdio.h>
| #ifdef HAVE_SYS_TYPES_H
| # include <sys/types.h>
| #endif
| #ifdef HAVE_SYS_STAT_H
| # include <sys/stat.h>
| #endif
| #ifdef STDC_HEADERS
| # include <stdlib.h>
| # include <stddef.h>
| #else
| # ifdef HAVE_STDLIB_H
| #  include <stdlib.h>
| # endif
| #endif
| #ifdef HAVE_STRING_H
| # if !defined STDC_HEADERS && defined HAVE_MEMORY_H
| #  include <memory.h>
| # endif
| # include <string.h>
| #endif
| #ifdef HAVE_STRINGS_H
| # include <strings.h>
| #endif
| #ifdef HAVE_INTTYPES_H
| # include <inttypes.h>
| #endif
| #ifdef HAVE_STDINT_H
| # include <stdint.h>
| #endif
| #ifdef HAVE_UNISTD_H
| # include <unistd.h>
| #endif
| int
| main ()
| {
| if (sizeof ((pid_t)))
| 	    return 0;
|   ;
|   return 0;
| }
configure:5228: result: yes
configure:5241: checking vfork.h usability
configure:5241: gcc -c -g -O2 -I/usr/local/include  conftest.c >&5
conftest.c:77:19: fatal error: vfork.h: No such file or directory
 #include <vfork.h>
                   ^
compilation terminated.
configure:5241: $? = 1
configure: failed program was:
| /* confdefs.h */
| #define PACKAGE_NAME "vnstat"
| #define PACKAGE_TARNAME "vnstat"
| #define PACKAGE_VERSION "2.5_beta1"
| #define PACKAGE_STRING "vnstat 2.5_beta1"
| #define PACKAGE_BUGREPORT ""
| #define PACKAGE_URL ""
| #define PACKAGE "vnstat"
| #define VERSION "2.5_beta1"
| #define HAVE_LIBM 1
| #define HAVE_LIBSQLITE3 1
| #define STDC_HEADERS 1
| #define HAVE_SYS_TYPES_H 1
| #define HAVE_SYS_STAT_H 1
| #define HAVE_STDLIB_H 1
| #define HAVE_STRING_H 1
| #define HAVE_MEMORY_H 1
| #define HAVE_STRINGS_H 1
| #define HAVE_INTTYPES_H 1
| #define HAVE_STDINT_H 1
| #define HAVE_UNISTD_H 1
| #define HAVE_FCNTL_H 1
| #define HAVE_INTTYPES_H 1
| #define HAVE_LOCALE_H 1
| #define HAVE_STDINT_H 1
| #define HAVE_STDLIB_H 1
| #define HAVE_STRING_H 1
| #define HAVE_SYS_FILE_H 1
| #define HAVE_SYS_MOUNT_H 1
| #define HAVE_SYS_PARAM_H 1
| #define HAVE_SYS_SOCKET_H 1
| #define HAVE_SYS_STATVFS_H 1
| #define HAVE_SYS_TIME_H 1
| #define HAVE_SYSLOG_H 1
| #define HAVE_UNISTD_H 1
| #define HAVE_WCHAR_H 1
| #define HAVE_DECL_IFLA_STATS64 0
| #define HAVE_DECL_O_CLOEXEC 1
| #define HAVE_DECL_SQLITE_CHECKPOINT_RESTART 1
| #define HAVE_DECL_SQLITE_CHECKPOINT_TRUNCATE 1
| #define HAVE_UNISTD_H 1
| #define HAVE_CHOWN 1
| /* end confdefs.h.  */
| #include <stdio.h>
| #ifdef HAVE_SYS_TYPES_H
| # include <sys/types.h>
| #endif
| #ifdef HAVE_SYS_STAT_H
| # include <sys/stat.h>
| #endif
| #ifdef STDC_HEADERS
| # include <stdlib.h>
| # include <stddef.h>
| #else
| # ifdef HAVE_STDLIB_H
| #  include <stdlib.h>
| # endif
| #endif
| #ifdef HAVE_STRING_H
| # if !defined STDC_HEADERS && defined HAVE_MEMORY_H
| #  include <memory.h>
| # endif
| # include <string.h>
| #endif
| #ifdef HAVE_STRINGS_H
| # include <strings.h>
| #endif
| #ifdef HAVE_INTTYPES_H
| # include <inttypes.h>
| #endif
| #ifdef HAVE_STDINT_H
| # include <stdint.h>
| #endif
| #ifdef HAVE_UNISTD_H
| # include <unistd.h>
| #endif
| #include <vfork.h>
configure:5241: result: no
configure:5241: checking vfork.h presence
configure:5241: gcc -E  conftest.c
conftest.c:44:19: fatal error: vfork.h: No such file or directory
 #include <vfork.h>
                   ^
compilation terminated.
configure:5241: $? = 1
configure: failed program was:
| /* confdefs.h */
| #define PACKAGE_NAME "vnstat"
| #define PACKAGE_TARNAME "vnstat"
| #define PACKAGE_VERSION "2.5_beta1"
| #define PACKAGE_STRING "vnstat 2.5_beta1"
| #define PACKAGE_BUGREPORT ""
| #define PACKAGE_URL ""
| #define PACKAGE "vnstat"
| #define VERSION "2.5_beta1"
| #define HAVE_LIBM 1
| #define HAVE_LIBSQLITE3 1
| #define STDC_HEADERS 1
| #define HAVE_SYS_TYPES_H 1
| #define HAVE_SYS_STAT_H 1
| #define HAVE_STDLIB_H 1
| #define HAVE_STRING_H 1
| #define HAVE_MEMORY_H 1
| #define HAVE_STRINGS_H 1
| #define HAVE_INTTYPES_H 1
| #define HAVE_STDINT_H 1
| #define HAVE_UNISTD_H 1
| #define HAVE_FCNTL_H 1
| #define HAVE_INTTYPES_H 1
| #define HAVE_LOCALE_H 1
| #define HAVE_STDINT_H 1
| #define HAVE_STDLIB_H 1
| #define HAVE_STRING_H 1
| #define HAVE_SYS_FILE_H 1
| #define HAVE_SYS_MOUNT_H 1
| #define HAVE_SYS_PARAM_H 1
| #define HAVE_SYS_SOCKET_H 1
| #define HAVE_SYS_STATVFS_H 1
| #define HAVE_SYS_TIME_H 1
| #define HAVE_SYSLOG_H 1
| #define HAVE_UNISTD_H 1
| #define HAVE_WCHAR_H 1
| #define HAVE_DECL_IFLA_STATS64 0
| #define HAVE_DECL_O_CLOEXEC 1
| #define HAVE_DECL_SQLITE_CHECKPOINT_RESTART 1
| #define HAVE_DECL_SQLITE_CHECKPOINT_TRUNCATE 1
| #define HAVE_UNISTD_H 1
| #define HAVE_CHOWN 1
| /* end confdefs.h.  */
| #include <vfork.h>
configure:5241: result: no
configure:5241: checking for vfork.h
configure:5241: result: no
configure:5254: checking for fork
configure:5254: gcc -o conftest -g -O2 -I/usr/local/include   -L/usr/local/lib conftest.c -lsqlite3 -lm  >&5
conftest.c:67:6: warning: conflicting types for built-in function 'fork' [enabled by default]
 char fork ();
      ^
configure:5254: $? = 0
configure:5254: result: yes
configure:5254: checking for vfork
configure:5254: gcc -o conftest -g -O2 -I/usr/local/include   -L/usr/local/lib conftest.c -lsqlite3 -lm  >&5
configure:5254: $? = 0
configure:5254: result: yes
configure:5264: checking for working fork
configure:5286: gcc -o conftest -g -O2 -I/usr/local/include   -L/usr/local/lib conftest.c -lsqlite3 -lm  >&5
configure:5286: $? = 0
configure:5286: ./conftest
configure:5286: $? = 0
configure:5296: result: yes
configure:5317: checking for working vfork
configure:5427: result: yes
configure:5452: checking whether time.h and sys/time.h may both be included
configure:5472: gcc -c -g -O2 -I/usr/local/include  conftest.c >&5
configure:5472: $? = 0
configure:5479: result: yes
configure:5493: checking for sys/time.h
configure:5493: result: yes
configure:5493: checking for unistd.h
configure:5493: result: yes
configure:5514: checking for alarm
configure:5514: gcc -o conftest -g -O2 -I/usr/local/include   -L/usr/local/lib conftest.c -lsqlite3 -lm  >&5
configure:5514: $? = 0
configure:5514: result: yes
configure:5527: checking for working mktime
configure:5729: gcc -o conftest -g -O2 -I/usr/local/include   -L/usr/local/lib conftest.c -lsqlite3 -lm  >&5
configure:5729: $? = 0
configure:5729: ./conftest
configure:5729: $? = 0
configure:5739: result: yes
configure:5753: checking for dup2
configure:5753: gcc -o conftest -g -O2 -I/usr/local/include   -L/usr/local/lib conftest.c -lsqlite3 -lm  >&5
configure:5753: $? = 0
configure:5753: result: yes
configure:5753: checking for localtime_r
configure:5753: gcc -o conftest -g -O2 -I/usr/local/include   -L/usr/local/lib conftest.c -lsqlite3 -lm  >&5
configure:5753: $? = 0
configure:5753: result: yes
configure:5753: checking for memset
configure:5753: gcc -o conftest -g -O2 -I/usr/local/include   -L/usr/local/lib conftest.c -lsqlite3 -lm  >&5
conftest.c:77:6: warning: conflicting types for built-in function 'memset' [enabled by default]
 char memset ();
      ^
configure:5753: $? = 0
configure:5753: result: yes
configure:5753: checking for mkdir
configure:5753: gcc -o conftest -g -O2 -I/usr/local/include   -L/usr/local/lib conftest.c -lsqlite3 -lm  >&5
configure:5753: $? = 0
configure:5753: result: yes
configure:5753: checking for pow
configure:5753: gcc -o conftest -g -O2 -I/usr/local/include   -L/usr/local/lib conftest.c -lsqlite3 -lm  >&5
conftest.c:79:6: warning: conflicting types for built-in function 'pow' [enabled by default]
 char pow ();
      ^
configure:5753: $? = 0
configure:5753: result: yes
configure:5753: checking for rmdir
configure:5753: gcc -o conftest -g -O2 -I/usr/local/include   -L/usr/local/lib conftest.c -lsqlite3 -lm  >&5
configure:5753: $? = 0
configure:5753: result: yes
configure:5753: checking for setlocale
configure:5753: gcc -o conftest -g -O2 -I/usr/local/include   -L/usr/local/lib conftest.c -lsqlite3 -lm  >&5
configure:5753: $? = 0
configure:5753: result: yes
configure:5753: checking for strcasecmp
configure:5753: gcc -o conftest -g -O2 -I/usr/local/include   -L/usr/local/lib conftest.c -lsqlite3 -lm  >&5
conftest.c:82:6: warning: conflicting types for built-in function 'strcasecmp' [enabled by default]
 char strcasecmp ();
      ^
configure:5753: $? = 0
configure:5753: result: yes
configure:5753: checking for strchr
configure:5753: gcc -o conftest -g -O2 -I/usr/local/include   -L/usr/local/lib conftest.c -lsqlite3 -lm  >&5
conftest.c:83:6: warning: conflicting types for built-in function 'strchr' [enabled by default]
 char strchr ();
      ^
configure:5753: $? = 0
configure:5753: result: yes
configure:5753: checking for strdup
configure:5753: gcc -o conftest -g -O2 -I/usr/local/include   -L/usr/local/lib conftest.c -lsqlite3 -lm  >&5
conftest.c:84:6: warning: conflicting types for built-in function 'strdup' [enabled by default]
 char strdup ();
      ^
configure:5753: $? = 0
configure:5753: result: yes
configure:5753: checking for strerror
configure:5753: gcc -o conftest -g -O2 -I/usr/local/include   -L/usr/local/lib conftest.c -lsqlite3 -lm  >&5
configure:5753: $? = 0
configure:5753: result: yes
configure:5753: checking for strncasecmp
configure:5753: gcc -o conftest -g -O2 -I/usr/local/include   -L/usr/local/lib conftest.c -lsqlite3 -lm  >&5
conftest.c:86:6: warning: conflicting types for built-in function 'strncasecmp' [enabled by default]
 char strncasecmp ();
      ^
configure:5753: $? = 0
configure:5753: result: yes
configure:5753: checking for strstr
configure:5753: gcc -o conftest -g -O2 -I/usr/local/include   -L/usr/local/lib conftest.c -lsqlite3 -lm  >&5
conftest.c:87:6: warning: conflicting types for built-in function 'strstr' [enabled by default]
 char strstr ();
      ^
configure:5753: $? = 0
configure:5753: result: yes
configure:5753: checking for strtol
configure:5753: gcc -o conftest -g -O2 -I/usr/local/include   -L/usr/local/lib conftest.c -lsqlite3 -lm  >&5
configure:5753: $? = 0
configure:5753: result: yes
configure:5753: checking for strtoul
configure:5753: gcc -o conftest -g -O2 -I/usr/local/include   -L/usr/local/lib conftest.c -lsqlite3 -lm  >&5
configure:5753: $? = 0
configure:5753: result: yes
configure:5753: checking for strtoull
configure:5753: gcc -o conftest -g -O2 -I/usr/local/include   -L/usr/local/lib conftest.c -lsqlite3 -lm  >&5
configure:5753: $? = 0
configure:5753: result: yes
configure:5753: checking for tzset
configure:5753: gcc -o conftest -g -O2 -I/usr/local/include   -L/usr/local/lib conftest.c -lsqlite3 -lm  >&5
configure:5753: $? = 0
configure:5753: result: yes
configure:5753: checking for mbstowcs
configure:5753: gcc -o conftest -g -O2 -I/usr/local/include   -L/usr/local/lib conftest.c -lsqlite3 -lm  >&5
configure:5753: $? = 0
configure:5753: result: yes
configure:5753: checking for wcswidth
configure:5753: gcc -o conftest -g -O2 -I/usr/local/include   -L/usr/local/lib conftest.c -lsqlite3 -lm  >&5
configure:5753: $? = 0
configure:5753: result: yes
configure:5874: checking that generated files are newer than configure
configure:5880: result: done
configure:5919: creating ./config.status

## ---------------------- ##
## Running config.status. ##
## ---------------------- ##

This file was extended by vnstat config.status 2.5_beta1, which was
generated by GNU Autoconf 2.69.  Invocation command line was

  CONFIG_FILES    = 
  CONFIG_HEADERS  = 
  CONFIG_LINKS    = 
  CONFIG_COMMANDS = 
  $ ./config.status 

on ip-172-31-34-254.ap-northeast-2.compute.internal

config.status:927: creating Makefile
config.status:927: creating src/config.h
config.status:1108: src/config.h is unchanged
config.status:1156: executing depfiles commands
configure:7236: 
configure:7238:  ============================================== 
configure:7240: 
configure:7242:          host: x86_64-unknown-linux-gnu 
configure:7244:         build: x86_64-unknown-linux-gnu 
configure:7246: 
configure:7248:        prefix: /usr     
configure:7250:    sysconfdir: /etc 
configure:7252: 
configure:7254:    Install paths 
configure:7256: 
configure:7258:     vnstat: /usr/bin/vnstat 
configure:7267:    vnstatd: /usr/sbin/vnstatd 
configure:7269:     config: /etc/vnstat.conf 
configure:7271: 
configure:7279:           Tests: unavailable 
configure:7288:    Image output: disabled 
configure:7291: 
configure:7293:  ============================================== 
configure:7295: 

## ---------------- ##
## Cache variables. ##
## ---------------- ##

ac_cv_build=x86_64-unknown-linux-gnu
ac_cv_c_compiler_gnu=yes
ac_cv_c_int32_t=yes
ac_cv_c_uint32_t=yes
ac_cv_c_uint64_t=yes
ac_cv_env_CC_set=
ac_cv_env_CC_value=
ac_cv_env_CFLAGS_set=
ac_cv_env_CFLAGS_value=
ac_cv_env_CHECK_CFLAGS_set=
ac_cv_env_CHECK_CFLAGS_value=
ac_cv_env_CHECK_LIBS_set=
ac_cv_env_CHECK_LIBS_value=
ac_cv_env_CPPFLAGS_set=
ac_cv_env_CPPFLAGS_value=
ac_cv_env_CPP_set=
ac_cv_env_CPP_value=
ac_cv_env_LDFLAGS_set=
ac_cv_env_LDFLAGS_value=
ac_cv_env_LIBS_set=
ac_cv_env_LIBS_value=
ac_cv_env_PKG_CONFIG_LIBDIR_set=
ac_cv_env_PKG_CONFIG_LIBDIR_value=
ac_cv_env_PKG_CONFIG_PATH_set=
ac_cv_env_PKG_CONFIG_PATH_value=
ac_cv_env_PKG_CONFIG_set=
ac_cv_env_PKG_CONFIG_value=
ac_cv_env_build_alias_set=
ac_cv_env_build_alias_value=
ac_cv_env_host_alias_set=
ac_cv_env_host_alias_value=
ac_cv_env_target_alias_set=
ac_cv_env_target_alias_value=
ac_cv_func_alarm=yes
ac_cv_func_chown_works=yes
ac_cv_func_dup2=yes
ac_cv_func_fork=yes
ac_cv_func_fork_works=yes
ac_cv_func_localtime_r=yes
ac_cv_func_mbstowcs=yes
ac_cv_func_memset=yes
ac_cv_func_mkdir=yes
ac_cv_func_pow=yes
ac_cv_func_rmdir=yes
ac_cv_func_setlocale=yes
ac_cv_func_strcasecmp=yes
ac_cv_func_strchr=yes
ac_cv_func_strdup=yes
ac_cv_func_strerror=yes
ac_cv_func_strncasecmp=yes
ac_cv_func_strstr=yes
ac_cv_func_strtol=yes
ac_cv_func_strtoul=yes
ac_cv_func_strtoull=yes
ac_cv_func_tzset=yes
ac_cv_func_vfork=yes
ac_cv_func_vfork_works=yes
ac_cv_func_wcswidth=yes
ac_cv_func_working_mktime=yes
ac_cv_have_decl_IFLA_STATS64=no
ac_cv_have_decl_O_CLOEXEC=yes
ac_cv_have_decl_SQLITE_CHECKPOINT_RESTART=yes
ac_cv_have_decl_SQLITE_CHECKPOINT_TRUNCATE=yes
ac_cv_header_fcntl_h=yes
ac_cv_header_inttypes_h=yes
ac_cv_header_locale_h=yes
ac_cv_header_memory_h=yes
ac_cv_header_stdc=yes
ac_cv_header_stdint_h=yes
ac_cv_header_stdlib_h=yes
ac_cv_header_string_h=yes
ac_cv_header_strings_h=yes
ac_cv_header_sys_file_h=yes
ac_cv_header_sys_mount_h=yes
ac_cv_header_sys_param_h=yes
ac_cv_header_sys_socket_h=yes
ac_cv_header_sys_stat_h=yes
ac_cv_header_sys_statvfs_h=yes
ac_cv_header_sys_time_h=yes
ac_cv_header_sys_types_h=yes
ac_cv_header_syslog_h=yes
ac_cv_header_time=yes
ac_cv_header_unistd_h=yes
ac_cv_header_vfork_h=no
ac_cv_header_wchar_h=yes
ac_cv_host=x86_64-unknown-linux-gnu
ac_cv_lib_gd_gdImagePng=no
ac_cv_lib_m_pow=yes
ac_cv_lib_sqlite3_sqlite3_prepare_v2=yes
ac_cv_objext=o
ac_cv_path_EGREP='/usr/bin/grep -E'
ac_cv_path_GREP=/usr/bin/grep
ac_cv_path_ac_pt_PKG_CONFIG=/usr/bin/pkg-config
ac_cv_path_install='/usr/bin/install -c'
ac_cv_path_mkdir=/usr/bin/mkdir
ac_cv_prog_AWK=gawk
ac_cv_prog_CPP='gcc -E'
ac_cv_prog_ac_ct_CC=gcc
ac_cv_prog_cc_c89=
ac_cv_prog_cc_g=yes
ac_cv_prog_make_make_set=yes
ac_cv_type_mode_t=yes
ac_cv_type_pid_t=yes
ac_cv_type_size_t=yes
ac_cv_type_uid_t=yes
am_cv_CC_dependencies_compiler_type=gcc3
am_cv_make_support_nested_variables=yes
am_cv_prog_cc_c_o=yes

## ----------------- ##
## Output variables. ##
## ----------------- ##

ACLOCAL='${SHELL} /home/shin/vnstat_project/missing aclocal-1.15'
AMDEPBACKSLASH='\'
AMDEP_FALSE='#'
AMDEP_TRUE=''
AMTAR='$${TAR-tar}'
AM_BACKSLASH='\'
AM_DEFAULT_V='$(AM_DEFAULT_VERBOSITY)'
AM_DEFAULT_VERBOSITY='1'
AM_V='$(V)'
AUTOCONF='${SHELL} /home/shin/vnstat_project/missing autoconf'
AUTOHEADER='${SHELL} /home/shin/vnstat_project/missing autoheader'
AUTOMAKE='${SHELL} /home/shin/vnstat_project/missing automake-1.15'
AWK='gawk'
CC='gcc'
CCDEPMODE='depmode=gcc3'
CFLAGS='-g -O2 -I/usr/local/include'
CFLAG_EXTRAS=''
CHECK_CFLAGS=''
CHECK_LIBS=''
CPP='gcc -E'
CPPFLAGS=''
CYGPATH_W='echo'
DEFS='-DHAVE_CONFIG_H'
DEPDIR='.deps'
ECHO_C=''
ECHO_N='-n'
ECHO_T=''
EGREP='/usr/bin/grep -E'
EXEEXT=''
GREP='/usr/bin/grep'
HAVE_CHECK_FALSE=''
HAVE_CHECK_TRUE='#'
HAVE_LIBGD_FALSE=''
HAVE_LIBGD_TRUE='#'
IMAGELIBS=''
INSTALL_DATA='${INSTALL} -m 644'
INSTALL_PROGRAM='${INSTALL}'
INSTALL_SCRIPT='${INSTALL}'
INSTALL_STRIP_PROGRAM='$(install_sh) -c -s'
IS_CROSSCOMPILED_FALSE=''
IS_CROSSCOMPILED_TRUE='#'
LDFLAGS=' -L/usr/local/lib'
LIBOBJS=''
LIBS='-lsqlite3 -lm '
LTLIBOBJS=''
MAINT='#'
MAINTAINER_MODE_FALSE=''
MAINTAINER_MODE_TRUE='#'
MAKEINFO='${SHELL} /home/shin/vnstat_project/missing makeinfo'
MKDIR_P='/usr/bin/mkdir -p'
OBJEXT='o'
PACKAGE='vnstat'
PACKAGE_BUGREPORT=''
PACKAGE_NAME='vnstat'
PACKAGE_STRING='vnstat 2.5_beta1'
PACKAGE_TARNAME='vnstat'
PACKAGE_URL=''
PACKAGE_VERSION='2.5_beta1'
PATH_SEPARATOR=':'
PKG_CONFIG='/usr/bin/pkg-config'
PKG_CONFIG_LIBDIR=''
PKG_CONFIG_PATH=''
SET_MAKE=''
SHELL='/bin/sh'
STRIP=''
VERSION='2.5_beta1'
ac_ct_CC='gcc'
am__EXEEXT_FALSE=''
am__EXEEXT_TRUE='#'
am__fastdepCC_FALSE='#'
am__fastdepCC_TRUE=''
am__include='include'
am__isrc=''
am__leading_dot='.'
am__nodep='_no'
am__quote=''
am__tar='$${TAR-tar} chof - "$$tardir"'
am__untar='$${TAR-tar} xf -'
bindir='${exec_prefix}/bin'
build='x86_64-unknown-linux-gnu'
build_alias=''
build_cpu='x86_64'
build_os='linux-gnu'
build_vendor='unknown'
datadir='${datarootdir}'
datarootdir='${prefix}/share'
docdir='${datarootdir}/doc/${PACKAGE_TARNAME}'
dvidir='${docdir}'
exec_prefix='${prefix}'
host='x86_64-unknown-linux-gnu'
host_alias=''
host_cpu='x86_64'
host_os='linux-gnu'
host_vendor='unknown'
htmldir='${docdir}'
includedir='${prefix}/include'
infodir='${datarootdir}/info'
install_sh='${SHELL} /home/shin/vnstat_project/install-sh'
libdir='${exec_prefix}/lib'
libexecdir='${exec_prefix}/libexec'
localedir='${datarootdir}/locale'
localstatedir='${prefix}/var'
mandir='${datarootdir}/man'
mkdir_p='$(MKDIR_P)'
oldincludedir='/usr/include'
pdfdir='${docdir}'
prefix='/usr'
program_transform_name='s,x,x,'
psdir='${docdir}'
runstatedir='${localstatedir}/run'
sbindir='${exec_prefix}/sbin'
sharedstatedir='${prefix}/com'
sysconfdir='/etc'
target_alias=''

## ----------- ##
## confdefs.h. ##
## ----------- ##

/* confdefs.h */
#define PACKAGE_NAME "vnstat"
#define PACKAGE_TARNAME "vnstat"
#define PACKAGE_VERSION "2.5_beta1"
#define PACKAGE_STRING "vnstat 2.5_beta1"
#define PACKAGE_BUGREPORT ""
#define PACKAGE_URL ""
#define PACKAGE "vnstat"
#define VERSION "2.5_beta1"
#define HAVE_LIBM 1
#define HAVE_LIBSQLITE3 1
#define STDC_HEADERS 1
#define HAVE_SYS_TYPES_H 1
#define HAVE_SYS_STAT_H 1
#define HAVE_STDLIB_H 1
#define HAVE_STRING_H 1
#define HAVE_MEMORY_H 1
#define HAVE_STRINGS_H 1
#define HAVE_INTTYPES_H 1
#define HAVE_STDINT_H 1
#define HAVE_UNISTD_H 1
#define HAVE_FCNTL_H 1
#define HAVE_INTTYPES_H 1
#define HAVE_LOCALE_H 1
#define HAVE_STDINT_H 1
#define HAVE_STDLIB_H 1
#define HAVE_STRING_H 1
#define HAVE_SYS_FILE_H 1
#define HAVE_SYS_MOUNT_H 1
#define HAVE_SYS_PARAM_H 1
#define HAVE_SYS_SOCKET_H 1
#define HAVE_SYS_STATVFS_H 1
#define HAVE_SYS_TIME_H 1
#define HAVE_SYSLOG_H 1
#define HAVE_UNISTD_H 1
#define HAVE_WCHAR_H 1
#define HAVE_DECL_IFLA_STATS64 0
#define HAVE_DECL_O_CLOEXEC 1
#define HAVE_DECL_SQLITE_CHECKPOINT_RESTART 1
#define HAVE_DECL_SQLITE_CHECKPOINT_TRUNCATE 1
#define HAVE_UNISTD_H 1
#define HAVE_CHOWN 1
#define HAVE_FORK 1
#define HAVE_VFORK 1
#define HAVE_WORKING_VFORK 1
#define HAVE_WORKING_FORK 1
#define TIME_WITH_SYS_TIME 1
#define HAVE_SYS_TIME_H 1
#define HAVE_UNISTD_H 1
#define HAVE_ALARM 1
#define HAVE_DUP2 1
#define HAVE_LOCALTIME_R 1
#define HAVE_MEMSET 1
#define HAVE_MKDIR 1
#define HAVE_POW 1
#define HAVE_RMDIR 1
#define HAVE_SETLOCALE 1
#define HAVE_STRCASECMP 1
#define HAVE_STRCHR 1
#define HAVE_STRDUP 1
#define HAVE_STRERROR 1
#define HAVE_STRNCASECMP 1
#define HAVE_STRSTR 1
#define HAVE_STRTOL 1
#define HAVE_STRTOUL 1
#define HAVE_STRTOULL 1
#define HAVE_TZSET 1
#define HAVE_MBSTOWCS 1
#define HAVE_WCSWIDTH 1

configure: exit 0
